<?xml version="1.0" encoding="UTF-8"?>
<testng-results skipped="0" failed="0" ignored="0" total="1" passed="1">
  <reporter-output>
  </reporter-output>
  <suite name="Default suite" duration-ms="12458" started-at="2019-04-18T10:24:59Z" finished-at="2019-04-18T10:25:12Z">
    <groups>
    </groups>
    <test name="Default test" duration-ms="12458" started-at="2019-04-18T10:24:59Z" finished-at="2019-04-18T10:25:12Z">
      <class name="selenium.jenkins_demo">
        <test-method status="PASS" signature="testgooglrsearch()[pri:0, instance:selenium.jenkins_demo@3b1d11]" name="testgooglrsearch" duration-ms="12430" started-at="2019-04-18T10:24:59Z" finished-at="2019-04-18T10:25:12Z">
          <reporter-output>
          </reporter-output>
        </test-method> <!-- testgooglrsearch -->
      </class> <!-- selenium.jenkins_demo -->
    </test> <!-- Default test -->
  </suite> <!-- Default suite -->
</testng-results>
